Desired=Unknown/Install/Remove/Purge/Hold
| Status=Not/Inst/Conf-files/Unpacked/halF-conf/Half-inst/trig-aWait/Trig-pend
|/ Err?=(none)/Reinst-required (Status,Err: uppercase=bad)
||/ Name                 Version          Architecture Description
+++-====================-================-============-=================================
ii  google-chrome-stable 112.0.5615.165-1 amd64        The web browser from Google
Desired=Unknown/Install/Remove/Purge/Hold
| Status=Not/Inst/Conf-files/Unpacked/halF-conf/Half-inst/trig-aWait/Trig-pend
|/ Err?=(none)/Reinst-required (Status,Err: uppercase=bad)
||/ Name                 Version          Architecture Description
+++-====================-================-============-=================================
ii  google-chrome-stable 112.0.5615.165-1 amd64        The web browser from Google
Desired=Unknown/Install/Remove/Purge/Hold
| Status=Not/Inst/Conf-files/Unpacked/halF-conf/Half-inst/trig-aWait/Trig-pend
|/ Err?=(none)/Reinst-required (Status,Err: uppercase=bad)
||/ Name                 Version          Architecture Description
+++-====================-================-============-=================================
ii  google-chrome-stable 112.0.5615.165-1 amd64        The web browser from Google
Desired=Unknown/Install/Remove/Purge/Hold
| Status=Not/Inst/Conf-files/Unpacked/halF-conf/Half-inst/trig-aWait/Trig-pend
|/ Err?=(none)/Reinst-required (Status,Err: uppercase=bad)
||/ Name                 Version          Architecture Description
+++-====================-================-============-=================================
ii  google-chrome-stable 112.0.5615.165-1 amd64        The web browser from Google
Desired=Unknown/Install/Remove/Purge/Hold
| Status=Not/Inst/Conf-files/Unpacked/halF-conf/Half-inst/trig-aWait/Trig-pend
|/ Err?=(none)/Reinst-required (Status,Err: uppercase=bad)
||/ Name                 Version          Architecture Description
+++-====================-================-============-=================================
ii  google-chrome-stable 112.0.5615.165-1 amd64        The web browser from Google
Hit:1 http://pt.archive.ubuntu.com/ubuntu jammy InRelease
Get:2 http://security.ubuntu.com/ubuntu jammy-security InRelease [110 kB]
Hit:3 http://pt.archive.ubuntu.com/ubuntu jammy-updates InRelease
Hit:4 https://download.docker.com/linux/ubuntu jammy InRelease
Hit:5 http://pt.archive.ubuntu.com/ubuntu jammy-backports InRelease
Hit:6 https://repo.protonvpn.com/debian stable InRelease
Hit:7 https://dl.google.com/linux/chrome/deb stable InRelease
[0m[?25h[KGet:8 http://security.ubuntu.com/ubuntu jammy-security/main amd64 DEP-11 Metadata [41,6 kB]
Get:9 http://security.ubuntu.com/ubuntu jammy-security/universe amd64 DEP-11 Metadata [18,5 kB]
Fetched 170 kB in 1s (258 kB/s)
Reading package lists...
Building dependency tree...
Reading state information...
5 packages can be upgraded. Run 'apt list --upgradable' to see them.
Reading package lists...
Building dependency tree...
Reading state information...
Calculating upgrade...
The following packages have been kept back:
  gnome-remote-desktop linux-generic-hwe-22.04 linux-headers-generic-hwe-22.04
  linux-image-generic-hwe-22.04 tzdata
0 upgraded, 0 newly installed, 0 to remove and 5 not upgraded.
Hit:1 http://security.ubuntu.com/ubuntu jammy-security InRelease
Hit:2 http://pt.archive.ubuntu.com/ubuntu jammy InRelease
Hit:3 http://pt.archive.ubuntu.com/ubuntu jammy-updates InRelease
Hit:4 https://download.docker.com/linux/ubuntu jammy InRelease
Hit:5 https://repo.protonvpn.com/debian stable InRelease
Hit:6 http://pt.archive.ubuntu.com/ubuntu jammy-backports InRelease
Hit:7 https://dl.google.com/linux/chrome/deb stable InRelease
[0m[?25h[KReading package lists...Desired=Unknown/Install/Remove/Purge/Hold
| Status=Not/Inst/Conf-files/Unpacked/halF-conf/Half-inst/trig-aWait/Trig-pend
|/ Err?=(none)/Reinst-required (Status,Err: uppercase=bad)
||/ Name                 Version          Architecture Description
+++-====================-================-============-=================================
ii  google-chrome-stable 112.0.5615.165-1 amd64        The web browser from Google

Building dependency tree...
Reading state information...
5 packages can be upgraded. Run 'apt list --upgradable' to see them.
Reading package lists...
Building dependency tree...
Reading state information...
Calculating upgrade...
The following packages have been kept back:
  gnome-remote-desktop linux-generic-hwe-22.04 linux-headers-generic-hwe-22.04
  linux-image-generic-hwe-22.04 tzdata
0 upgraded, 0 newly installed, 0 to remove and 5 not upgraded.
Hit:1 http://pt.archive.ubuntu.com/ubuntu jammy InRelease
Hit:2 http://pt.archive.ubuntu.com/ubuntu jammy-updates InRelease
Hit:3 http://pt.archive.ubuntu.com/ubuntu jammy-backports InRelease
Hit:4 http://security.ubuntu.com/ubuntu jammy-security InRelease
Hit:5 https://download.docker.com/linux/ubuntu jammy InRelease
Hit:6 https://repo.protonvpn.com/debian stable InRelease
Hit:7 https://dl.google.com/linux/chrome/deb stable InRelease
Reading package lists...[0m[?25h[KDesired=Unknown/Install/Remove/Purge/Hold
| Status=Not/Inst/Conf-files/Unpacked/halF-conf/Half-inst/trig-aWait/Trig-pend
|/ Err?=(none)/Reinst-required (Status,Err: uppercase=bad)
||/ Name                 Version          Architecture Description
+++-====================-================-============-=================================
ii  google-chrome-stable 112.0.5615.165-1 amd64        The web browser from Google

Building dependency tree...
Reading state information...
5 packages can be upgraded. Run 'apt list --upgradable' to see them.
Reading package lists...
Building dependency tree...
Reading state information...
Calculating upgrade...
The following packages have been kept back:
  gnome-remote-desktop linux-generic-hwe-22.04 linux-headers-generic-hwe-22.04
  linux-image-generic-hwe-22.04 tzdata
0 upgraded, 0 newly installed, 0 to remove and 5 not upgraded.
Hit:1 http://pt.archive.ubuntu.com/ubuntu jammy InRelease
Hit:2 http://security.ubuntu.com/ubuntu jammy-security InRelease
Hit:3 http://pt.archive.ubuntu.com/ubuntu jammy-updates InRelease
Hit:4 https://download.docker.com/linux/ubuntu jammy InRelease
Hit:5 http://pt.archive.ubuntu.com/ubuntu jammy-backports InRelease
Hit:6 https://repo.protonvpn.com/debian stable InRelease
Hit:7 https://dl.google.com/linux/chrome/deb stable InRelease
[0m[?25h[KReading package lists...Desired=Unknown/Install/Remove/Purge/Hold
| Status=Not/Inst/Conf-files/Unpacked/halF-conf/Half-inst/trig-aWait/Trig-pend
|/ Err?=(none)/Reinst-required (Status,Err: uppercase=bad)
||/ Name                 Version          Architecture Description
+++-====================-================-============-=================================
ii  google-chrome-stable 112.0.5615.165-1 amd64        The web browser from Google

Building dependency tree...
Reading state information...
5 packages can be upgraded. Run 'apt list --upgradable' to see them.
Reading package lists...
Building dependency tree...
Reading state information...
Calculating upgrade...
The following packages have been kept back:
  gnome-remote-desktop linux-generic-hwe-22.04 linux-headers-generic-hwe-22.04
  linux-image-generic-hwe-22.04 tzdata
0 upgraded, 0 newly installed, 0 to remove and 5 not upgraded.
Hit:1 http://pt.archive.ubuntu.com/ubuntu jammy InRelease
Hit:2 http://pt.archive.ubuntu.com/ubuntu jammy-updates InRelease
Hit:3 https://repo.protonvpn.com/debian stable InRelease
Hit:4 http://pt.archive.ubuntu.com/ubuntu jammy-backports InRelease
Hit:5 https://download.docker.com/linux/ubuntu jammy InRelease
Hit:6 https://dl.google.com/linux/chrome/deb stable InRelease
[0m[?25h[KDesired=Unknown/Install/Remove/Purge/Hold
| Status=Not/Inst/Conf-files/Unpacked/halF-conf/Half-inst/trig-aWait/Trig-pend
|/ Err?=(none)/Reinst-required (Status,Err: uppercase=bad)
||/ Name                 Version          Architecture Description
+++-====================-================-============-=================================
ii  google-chrome-stable 112.0.5615.165-1 amd64        The web browser from Google
Hit:7 http://security.ubuntu.com/ubuntu jammy-security InRelease
Reading package lists...
Building dependency tree...
Reading state information...
5 packages can be upgraded. Run 'apt list --upgradable' to see them.
Reading package lists...
Building dependency tree...
Reading state information...
Calculating upgrade...
The following packages have been kept back:
  gnome-remote-desktop linux-generic-hwe-22.04 linux-headers-generic-hwe-22.04
  linux-image-generic-hwe-22.04 tzdata
0 upgraded, 0 newly installed, 0 to remove and 5 not upgraded.
Desired=Unknown/Install/Remove/Purge/Hold
| Status=Not/Inst/Conf-files/Unpacked/halF-conf/Half-inst/trig-aWait/Trig-pend
|/ Err?=(none)/Reinst-required (Status,Err: uppercase=bad)
||/ Name                 Version          Architecture Description
+++-====================-================-============-=================================
ii  google-chrome-stable 112.0.5615.165-1 amd64        The web browser from Google
Hit:1 http://pt.archive.ubuntu.com/ubuntu jammy InRelease
Hit:2 http://pt.archive.ubuntu.com/ubuntu jammy-updates InRelease
Hit:3 http://pt.archive.ubuntu.com/ubuntu jammy-backports InRelease
Hit:4 http://security.ubuntu.com/ubuntu jammy-security InRelease
Hit:5 https://download.docker.com/linux/ubuntu jammy InRelease
Hit:6 https://repo.protonvpn.com/debian stable InRelease
Hit:7 https://dl.google.com/linux/chrome/deb stable InRelease
Reading package lists...[0m[?25h[KDesired=Unknown/Install/Remove/Purge/Hold
| Status=Not/Inst/Conf-files/Unpacked/halF-conf/Half-inst/trig-aWait/Trig-pend
|/ Err?=(none)/Reinst-required (Status,Err: uppercase=bad)
||/ Name                 Version          Architecture Description
+++-====================-================-============-=================================
ii  google-chrome-stable 112.0.5615.165-1 amd64        The web browser from Google

Building dependency tree...
Reading state information...
5 packages can be upgraded. Run 'apt list --upgradable' to see them.
Reading package lists...
Building dependency tree...
Reading state information...
Calculating upgrade...
The following packages have been kept back:
  gnome-remote-desktop linux-generic-hwe-22.04 linux-headers-generic-hwe-22.04
  linux-image-generic-hwe-22.04 tzdata
0 upgraded, 0 newly installed, 0 to remove and 5 not upgraded.
